{
  "RSpec": {
    "coverage": {
      "/home/developer/EmployeeManagmentSystemAPIBased/app/models/employee.rb": [
        1,
        1,
        1,
        1,
        1,
        null,
        null,
        1,
        null,
        null
      ],
      "/home/developer/EmployeeManagmentSystemAPIBased/app/models/application_record.rb": [
        1,
        1,
        null
      ],
      "/home/developer/EmployeeManagmentSystemAPIBased/app/controllers/departments_controller.rb": [
        1,
        null,
        1,
        null,
        1,
        0,
        0,
        null,
        null,
        null,
        null,
        null,
        null,
        null,
        1,
        0,
        0,
        0,
        null,
        0,
        null,
        null,
        null,
        1,
        0,
        null,
        null,
        1,
        0,
        0,
        null,
        0,
        null,
        null,
        null,
        1,
        0,
        0,
        null,
        null,
        1,
        0,
        null,
        null,
        1,
        null,
        1,
        0,
        null,
        null
      ],
      "/home/developer/EmployeeManagmentSystemAPIBased/app/controllers/application_controller.rb": [
        1,
        1,
        1,
        1,
        0,
        0,
        null,
        null
      ],
      "/home/developer/EmployeeManagmentSystemAPIBased/app/channels/application_cable/channel.rb": [
        0,
        0,
        0,
        0
      ],
      "/home/developer/EmployeeManagmentSystemAPIBased/app/channels/application_cable/connection.rb": [
        0,
        0,
        0,
        0
      ],
      "/home/developer/EmployeeManagmentSystemAPIBased/app/controllers/concerns/rack_sessions_fix.rb": [
        0,
        0,
        0,
        0,
        0,
        0,
        0,
        0,
        0,
        0,
        0,
        0,
        0,
        0,
        0,
        0,
        null
      ],
      "/home/developer/EmployeeManagmentSystemAPIBased/app/controllers/employee/registrations_controller.rb": [
        null,
        0,
        0,
        0,
        0,
        0,
        null,
        0,
        0,
        null,
        0,
        0,
        0,
        0,
        0,
        0,
        0,
        0,
        0,
        0,
        0,
        0,
        null,
        null
      ],
      "/home/developer/EmployeeManagmentSystemAPIBased/app/controllers/employee/sessions_controller.rb": [
        null,
        0,
        0,
        0,
        0,
        0,
        0,
        0,
        0,
        0,
        null,
        0,
        0,
        0,
        0,
        null,
        0,
        0,
        0,
        0,
        null,
        0,
        0,
        0,
        0,
        0,
        0,
        0,
        0,
        0,
        0,
        0,
        0,
        0,
        null
      ],
      "/home/developer/EmployeeManagmentSystemAPIBased/app/controllers/leaves_controller.rb": [
        0,
        null,
        0,
        null,
        0,
        0,
        0,
        0,
        null,
        0,
        0,
        0,
        0,
        null,
        0,
        0,
        0,
        0,
        0,
        0,
        0,
        0,
        null,
        0,
        0,
        0,
        null,
        0,
        0,
        0,
        0,
        0,
        0,
        0,
        null,
        0,
        0,
        0,
        0,
        null,
        0,
        0,
        0,
        null,
        0,
        null,
        0,
        0,
        0,
        0
      ],
      "/home/developer/EmployeeManagmentSystemAPIBased/app/controllers/salaries_controller.rb": [
        0,
        null,
        0,
        null,
        0,
        null,
        0,
        0,
        0,
        0,
        null,
        0,
        0,
        0,
        0,
        null,
        0,
        0,
        0,
        0,
        0,
        0,
        0,
        0,
        null,
        0,
        0,
        0,
        null,
        0,
        0,
        0,
        0,
        0,
        0,
        0,
        null,
        0,
        0,
        0,
        0,
        null,
        0,
        0,
        0,
        null,
        0,
        null,
        0,
        0,
        0,
        0
      ],
      "/home/developer/EmployeeManagmentSystemAPIBased/app/jobs/application_job.rb": [
        0,
        null,
        null,
        null,
        null,
        null,
        0
      ],
      "/home/developer/EmployeeManagmentSystemAPIBased/app/mailers/application_mailer.rb": [
        0,
        0,
        0,
        0
      ],
      "/home/developer/EmployeeManagmentSystemAPIBased/app/models/department.rb": [
        0,
        0,
        0
      ],
      "/home/developer/EmployeeManagmentSystemAPIBased/app/models/leave.rb": [
        0,
        0,
        0
      ],
      "/home/developer/EmployeeManagmentSystemAPIBased/app/models/salary.rb": [
        0,
        0,
        0
      ],
      "/home/developer/EmployeeManagmentSystemAPIBased/app/serializers/employee_serializer.rb": [
        0,
        0,
        0,
        0
      ]
    },
    "timestamp": 1726840693
  }
}
